build/app/outputs/mapping/release/seeds.txt
com.yeilpark.imagetotext.MainActivity
com.yeilpark.imagetotext.MainActivity: MainActivity()
...
io.flutter.view.FlutterView: io.flutter.view.AccessibilityBridge mAccessibilityNodeProvider
io.flutter.view.AccessibilityBridge$SemanticsNode: float scrollExtentMax
io.flutter.embedding.engine.FlutterEngineCache: void put(java.lang.String,io.flutter.embedding.engine.FlutterEngine)
io.flutter.plugin.platform.PlatformViewsController: PlatformViewsController()
androidx.core.content.FileProvider: androidx.core.content.FileProvider$PathStrategy parsePathStrategy(android.content.Context,java.lang.String)
io.flutter.embedding.engine.plugins.service.ServiceAware$OnModeChangeListener
androidx.fragment.app.Fragment: boolean isInLayout()
androidx.fragment.app.Fragment: androidx.fragment.app.Fragment mParentFragment
io.flutter.embedding.engine.plugins.service.ServiceControlSurface: void onMoveToForeground()
io.flutter.embedding.engine.loader.FlutterLoader$2$1: FlutterLoader$2$1(io.flutter.embedding.engine.loader.FlutterLoader$2)
io.flutter.embedding.engine.FlutterShellArgs: java.lang.String ARG_KEY_VERBOSE_LOGGING
io.flutter.embedding.engine.mutatorsstack.FlutterMutatorView: int prevLeft
io.flutter.embedding.android.FlutterFragmentActivity$CachedEngineIntentBuilder: FlutterFragmentActivity$CachedEngineIntentBuilder(java.lang.Class,java.lang.String)
io.flutter.plugin.platform.SingleViewPresentation$WindowManagerHandler: java.lang.String TAG
io.flutter.embedding.engine.plugins.broadcastreceiver.BroadcastReceiverAware: void onDetachedFromBroadcastReceiver()
androidx.lifecycle.ViewModel: ViewModel()
io.flutter.plugins.imagepicker.ImagePickerPlugin$LifeCycleObserver: void onActivityPaused(android.app.Activity)
io.flutter.plugins.imagepicker.ImagePickerDelegate: void launchPickImageFromGalleryIntent()
io.flutter.plugins.imagepicker.R$id: int accessibility_custom_action_4
androidx.appcompat.widget.AppCompatCheckedTextView: void setCustomSelectionActionModeCallback(android.view.ActionMode$Callback)
io.flutter.embedding.android.FlutterSplashView: boolean wasPreviousSplashTransitionInterrupted()
io.flutter.embedding.engine.systemchannels.PlatformViewsChannel$PlatformViewTouch: java.lang.Number downTime
io.flutter.embedding.engine.FlutterEngineConnectionRegistry: void onMoveToForeground()
androidx.appcompat.widget.AppCompatTextView: int getFirstBaselineToTopHeight()
androidx.vectordrawable.graphics.drawable.VectorDrawableCompat$VFullPath: void setTrimPathOffset(float)
io.flutter.embedding.engine.systemchannels.DeferredComponentChannel: void completeInstallSuccess(java.lang.String)
io.flutter.embedding.engine.plugins.service.ServiceAware: void onDetachedFromService()
io.flutter.embedding.engine.systemchannels.PlatformChannel$2: int[] $SwitchMap$io$flutter$embedding$engine$systemchannels$PlatformChannel$SystemUiOverlay
androidx.appcompat.widget.Toolbar: androidx.appcompat.widget.DecorToolbar getWrapper()
io.flutter.view.AccessibilityViewEmbedder$ReflectionAccessors: java.lang.reflect.Method longArrayGetIndex
androidx.appcompat.widget.LinearLayoutCompat: void setShowDividers(int)
io.flutter.view.AccessibilityBridge: void onTouchExplorationExit()
androidx.appcompat.widget.AppCompatCheckBox: void setSupportButtonTintMode(android.graphics.PorterDuff$Mode)
io.flutter.view.AccessibilityViewEmbedder: boolean onAccessibilityHoverEvent(int,android.view.MotionEvent)
androidx.appcompat.widget.ActionBarContainer: void setPrimaryBackground(android.graphics.drawable.Drawable)
androidx.lifecycle.ReflectiveGenericLifecycleObserver
io.flutter.plugin.common.PluginRegistry$ViewDestroyListener
io.flutter.plugins.imagepicker.ImagePickerCache: java.lang.String SHARED_PREFERENCE_IMAGE_QUALITY_KEY
androidx.fragment.app.Fragment: int getNextAnim()
androidx.fragment.app.FragmentActivity: void onActivityResult(int,int,android.content.Intent)
io.flutter.embedding.android.FlutterView: FlutterView(android.content.Context,android.util.AttributeSet,io.flutter.embedding.android.FlutterImageView)