build/app/outputs/mapping/release/mapping.txt
# compiler: R8
# compiler_version: 2.1.62
# min_api: 19
# pg_map_id: ae5a339
# common_typos_disable
...
androidx.transition.ViewGroupOverlayApi14 -> a.j.u:
    void add(android.view.View) -> a
    void remove(android.view.View) -> c
    androidx.transition.ViewGroupOverlayApi14 createFrom(android.view.ViewGroup) -> g
androidx.transition.ViewGroupOverlayApi18 -> a.j.v:
    android.view.ViewGroupOverlay mViewGroupOverlay -> a
    void add(android.view.View) -> a
    void add(android.graphics.drawable.Drawable) -> b
    void remove(android.view.View) -> c
    void remove(android.graphics.drawable.Drawable) -> d
androidx.transition.ViewGroupOverlayImpl -> a.j.w:
    void add(android.view.View) -> a
    void remove(android.view.View) -> c
androidx.transition.ViewGroupUtils -> a.j.x:
    boolean sTryHiddenSuppressLayout -> a
    androidx.transition.ViewGroupOverlayImpl getOverlay(android.view.ViewGroup) -> a
    void hiddenSuppressLayout(android.view.ViewGroup,boolean) -> b
    void suppressLayout(android.view.ViewGroup,boolean) -> c
androidx.transition.ViewGroupUtilsApi14 -> a.j.y:
    boolean sCancelMethodFetched -> e
    java.lang.reflect.Method sCancelMethod -> d
    java.lang.reflect.Field sLayoutSuppressedField -> b
    android.animation.LayoutTransition sEmptyLayoutTransition -> a
    boolean sLayoutSuppressedFieldFetched -> c
    void cancelLayoutTransition(android.animation.LayoutTransition) -> a
    void suppressLayout(android.view.ViewGroup,boolean) -> b
androidx.transition.ViewGroupUtilsApi14$1 -> a.j.y$a:
androidx.transition.ViewOverlayApi14 -> a.j.z:
    androidx.transition.ViewOverlayApi14$OverlayViewGroup mOverlayViewGroup -> a
    void add(android.graphics.drawable.Drawable) -> b
    void remove(android.graphics.drawable.Drawable) -> d
    androidx.transition.ViewOverlayApi14 createFrom(android.view.View) -> e
    android.view.ViewGroup getContentView(android.view.View) -> f
androidx.transition.ViewOverlayApi14$OverlayViewGroup -> a.j.z$a:
    android.view.ViewGroup mHostView -> b
    androidx.transition.ViewOverlayApi14 mViewOverlay -> e
    boolean mDisposed -> f
    android.view.View mRequestingView -> c
    java.util.ArrayList mDrawables -> d
    void add(android.graphics.drawable.Drawable) -> a
    void add(android.view.View) -> b
    void assertNotDisposed() -> c
    void disposeIfEmpty() -> d
    void getOffset(int[]) -> e
    void remove(android.graphics.drawable.Drawable) -> f
    void remove(android.view.View) -> g
androidx.transition.ViewOverlayApi18 -> a.j.a0:
    android.view.ViewOverlay mViewOverlay -> a
    void add(android.graphics.drawable.Drawable) -> b
    void remove(android.graphics.drawable.Drawable) -> d
androidx.transition.ViewOverlayImpl -> a.j.b0:
    void add(android.graphics.drawable.Drawable) -> b
    void remove(android.graphics.drawable.Drawable) -> d
androidx.transition.ViewUtils -> a.j.c0:
    androidx.transition.ViewUtilsBase IMPL -> a
    android.util.Property TRANSITION_ALPHA -> b
    void clearNonTransitionAlpha(android.view.View) -> a
    androidx.transition.ViewOverlayImpl getOverlay(android.view.View) -> b
    float getTransitionAlpha(android.view.View) -> c
    androidx.transition.WindowIdImpl getWindowId(android.view.View) -> d
    void saveNonTransitionAlpha(android.view.View) -> e
    void setLeftTopRightBottom(android.view.View,int,int,int,int) -> f
    void setTransitionAlpha(android.view.View,float) -> g
    void setTransitionVisibility(android.view.View,int) -> h
    void transformMatrixToGlobal(android.view.View,android.graphics.Matrix) -> i
    void transformMatrixToLocal(android.view.View,android.graphics.Matrix) -> j
androidx.transition.ViewUtils$1 -> a.j.c0$a:
    java.lang.Float get(android.view.View) -> a
    void set(android.view.View,java.lang.Float) -> b
androidx.transition.ViewUtils$2 -> a.j.c0$b:
    android.graphics.Rect get(android.view.View) -> a
    void set(android.view.View,android.graphics.Rect) -> b