build/app/outputs/mapping/release/usage.txt
com.yeilpark.imagetotext.R$id
com.yeilpark.imagetotext.BuildConfig
com.yeilpark.imagetotext.R$interpolator
com.yeilpark.imagetotext.R$bool
com.yeilpark.imagetotext.R$menu
com.yeilpark.imagetotext.R$mipmap
com.yeilpark.imagetotext.R$style
com.yeilpark.imagetotext.R$integer
com.yeilpark.imagetotext.R$xml
com.yeilpark.imagetotext.R$dimen
com.yeilpark.imagetotext.R
com.yeilpark.imagetotext.R$color
com.yeilpark.imagetotext.R$styleable
com.yeilpark.imagetotext.R$attr
com.yeilpark.imagetotext.R$anim
com.yeilpark.imagetotext.R$layout
com.yeilpark.imagetotext.R$string
com.yeilpark.imagetotext.R$drawable
...
kotlin.sequences.SequencesKt__SequencesKt$flatten$2
kotlin.collections.ArraysKt___ArraysKt$asSequence$$inlined$Sequence$8
kotlin.jvm.Synchronized
androidx.vectordrawable.graphics.drawable.AnimatedVectorDrawableCompat:
    public static androidx.vectordrawable.graphics.drawable.AnimatedVectorDrawableCompat create(android.content.Context,int)
    private static boolean unregisterPlatformCallback(android.graphics.drawable.AnimatedVectorDrawable,androidx.vectordrawable.graphics.drawable.Animatable2Compat$AnimationCallback)
    private static void registerPlatformCallback(android.graphics.drawable.AnimatedVectorDrawable,androidx.vectordrawable.graphics.drawable.Animatable2Compat$AnimationCallback)
    private void removeAnimatorSetListener()
    public static void registerAnimationCallback(android.graphics.drawable.Drawable,androidx.vectordrawable.graphics.drawable.Animatable2Compat$AnimationCallback)
    public static boolean unregisterAnimationCallback(android.graphics.drawable.Drawable,androidx.vectordrawable.graphics.drawable.Animatable2Compat$AnimationCallback)
    public static void clearAnimationCallbacks(android.graphics.drawable.Drawable)
    public void registerAnimationCallback(androidx.vectordrawable.graphics.drawable.Animatable2Compat$AnimationCallback)
    public boolean unregisterAnimationCallback(androidx.vectordrawable.graphics.drawable.Animatable2Compat$AnimationCallback)
    public void clearAnimationCallbacks()
    androidx.vectordrawable.graphics.drawable.AnimatedVectorDrawableCompat$AnimatedVectorDrawableDelegateState mCachedConstantStateDelegate
androidx.core.text.PrecomputedTextCompat$PrecomputedTextFutureTask
kotlin.UNINITIALIZED_VALUE
androidx.appcompat.app.AlertController$RecycleListView:
    public void <init>(android.content.Context)
kotlin.sequences.TransformingIndexedSequence$iterator$1
kotlin.LazyKt$WhenMappings
okhttp3.RequestBody$3
androidx.annotation.IntRange
androidx.core.text.BidiFormatter$DirectionalityEstimator
org.jetbrains.annotations.TestOnly
kotlin.collections.AbstractMap$keys$1
kotlin.jvm.internal.MutablePropertyReference2Impl
kotlin.time.ClockMark
kotlin.collections.FloatIterator
kotlin.coroutines.intrinsics.IntrinsicsKt__IntrinsicsJvmKt$createCoroutineUnintercepted$$inlined$createCoroutineFromSuspendFunction$IntrinsicsKt__IntrinsicsJvmKt$2
okhttp3.OkHttpClient$1:
    public void setCache(okhttp3.OkHttpClient$Builder,okhttp3.internal.cache.InternalCache)
    public boolean isInvalidHttpUrlHost(java.lang.IllegalArgumentException)
    public okhttp3.internal.connection.StreamAllocation streamAllocation(okhttp3.Call)
    public okhttp3.Call newWebSocketCall(okhttp3.OkHttpClient,okhttp3.Request)
kotlin.io.ByteStreamsKt
kotlin.comparisons.UComparisonsKt
kotlin.comparisons.ComparisonsKt___ComparisonsJvmKt
kotlin.collections.ArraysKt___ArraysKt$withIndex$2
kotlin.collections.CollectionsKt__IteratorsJVMKt
kotlin.jvm.functions.Function14
kotlin.io.TextStreamsKt$readLines$1